2021-09-19 01:53:00 [백엔드 맛보기] info : 3000 포트에서 서버가 가동되었습니다.
2021-09-19 02:16:00 [백엔드 맛보기] info : 3000 포트에서 서버가 가동되었습니다.
2021-09-19 02:17:00 [백엔드 맛보기] info : 3000 포트에서 서버가 가동되었습니다.
2021-09-19 02:17:00 [백엔드 맛보기] info : 3000 포트에서 서버가 가동되었습니다.
2021-09-19 02:18:00 [백엔드 맛보기] info : GET / 304 "홈 화면으로 이동"
2021-09-19 02:18:00 [백엔드 맛보기] info : GET /login 304 "로그인 화면으로 이동"
2021-09-19 02:21:00 [백엔드 맛보기] info : POST /login 200 Response: false 존재하지 않는 아이디입니다.
2021-09-19 02:21:00 [백엔드 맛보기] info : POST /login 200 Response: false 비밀번호가 틀렸습니다.
2021-09-19 02:22:00 [백엔드 맛보기] info : POST /login 200 Response: false 비밀번호가 틀렸습니다.
2021-09-19 02:22:00 [백엔드 맛보기] info : GET /register 304 "회원가입 화면으로 이동"
2021-09-19 02:22:00 [백엔드 맛보기] error : POST /register 409 Response: false Error: ER_BAD_FIELD_ERROR: Unknown column 'name' in 'field list'
2021-09-19 02:22:00 [백엔드 맛보기] error : POST /register 409 Response: false Error: ER_BAD_FIELD_ERROR: Unknown column 'name' in 'field list'
2021-09-19 02:48:00 [백엔드 맛보기] info : GET /register 304 "회원가입 화면으로 이동"
2021-09-19 02:49:00 [백엔드 맛보기] info : GET /register 304 "회원가입 화면으로 이동"
2021-09-19 02:50:00 [백엔드 맛보기] info : GET /register 304 "회원가입 화면으로 이동"
2021-09-19 02:50:00 [백엔드 맛보기] error : POST /register 409 Response: false Error: ER_BAD_FIELD_ERROR: Unknown column 'name' in 'field list'
2021-09-19 03:01:00 [백엔드 맛보기] info : POST /register 201 Response: true 
2021-09-19 03:01:00 [백엔드 맛보기] info : GET /login 304 "로그인 화면으로 이동"
2021-09-19 03:01:00 [백엔드 맛보기] info : POST /login 200 Response: true 
2021-09-19 03:01:00 [백엔드 맛보기] info : GET / 304 "홈 화면으로 이동"
2021-09-19 03:01:00 [백엔드 맛보기] info : GET /login 304 "로그인 화면으로 이동"
2021-09-19 03:02:00 [백엔드 맛보기] info : GET /register 304 "회원가입 화면으로 이동"
2021-09-19 03:02:00 [백엔드 맛보기] info : GET / 304 "홈 화면으로 이동"
2021-09-21 13:04:02 [백엔드 맛보기] info : 8080 포트에서 서버가 가동되었습니다.
2021-09-21 13:04:02 [백엔드 맛보기] info : GET / 304 "홈 화면으로 이동"
2021-09-21 13:04:02 [백엔드 맛보기] info : GET / 304 "홈 화면으로 이동"
2021-09-21 13:04:02 [백엔드 맛보기] info : GET /login 304 "로그인 화면으로 이동"
2021-09-21 13:04:02 [백엔드 맛보기] info : POST /login 200 Response: true 
2021-09-21 13:04:02 [백엔드 맛보기] info : GET / 304 "홈 화면으로 이동"
2021-09-21 13:04:02 [백엔드 맛보기] info : GET /login 304 "로그인 화면으로 이동"
2021-09-21 13:05:02 [백엔드 맛보기] info : POST /login 200 Response: false 존재하지 않는 아이디입니다.
2021-09-21 13:05:02 [백엔드 맛보기] info : POST /login 200 Response: false 비밀번호가 틀렸습니다.
2021-09-21 13:05:02 [백엔드 맛보기] info : GET /register 304 "회원가입 화면으로 이동"
2021-09-21 13:05:02 [백엔드 맛보기] info : GET /login 304 "로그인 화면으로 이동"
2021-09-21 13:05:02 [백엔드 맛보기] info : POST /login 200 Response: true 
2021-09-21 13:05:02 [백엔드 맛보기] info : GET / 304 "홈 화면으로 이동"
2021-09-21 13:05:02 [백엔드 맛보기] info : GET /login 304 "로그인 화면으로 이동"
2021-09-21 13:06:02 [백엔드 맛보기] info : GET /login 304 "로그인 화면으로 이동"
2021-09-21 13:07:02 [백엔드 맛보기] info : GET /login 304 "로그인 화면으로 이동"
2021-09-21 13:07:02 [백엔드 맛보기] info : GET /login 304 "로그인 화면으로 이동"
2021-09-21 13:07:02 [백엔드 맛보기] info : GET /login 304 "로그인 화면으로 이동"
2021-09-21 13:08:02 [백엔드 맛보기] info : GET / 304 "홈 화면으로 이동"
2021-09-21 13:08:02 [백엔드 맛보기] info : GET /login 304 "로그인 화면으로 이동"
2021-09-21 13:08:02 [백엔드 맛보기] info : GET /register 304 "회원가입 화면으로 이동"
2021-09-21 13:08:02 [백엔드 맛보기] info : GET /register 304 "회원가입 화면으로 이동"
2021-09-21 13:08:02 [백엔드 맛보기] info : POST /login 200 Response: true 
2021-09-21 13:08:02 [백엔드 맛보기] info : GET / 304 "홈 화면으로 이동"
2021-09-21 13:08:02 [백엔드 맛보기] info : GET /login 304 "로그인 화면으로 이동"
2021-09-21 13:10:02 [백엔드 맛보기] info : GET / 304 "홈 화면으로 이동"
2021-09-21 13:10:02 [백엔드 맛보기] info : GET /login 304 "로그인 화면으로 이동"
2021-09-21 13:11:02 [백엔드 맛보기] info : GET /login 304 "로그인 화면으로 이동"
2021-09-21 13:22:02 [백엔드 맛보기] info : GET /login 304 "로그인 화면으로 이동"
2021-09-21 13:22:02 [백엔드 맛보기] info : GET /login 304 "로그인 화면으로 이동"
2021-09-21 13:22:02 [백엔드 맛보기] info : GET /login 304 "로그인 화면으로 이동"
2021-09-21 13:22:02 [백엔드 맛보기] info : GET /login 304 "로그인 화면으로 이동"
2021-09-21 13:23:02 [백엔드 맛보기] info : GET /login 304 "로그인 화면으로 이동"
2021-09-21 13:23:02 [백엔드 맛보기] info : GET /login 304 "로그인 화면으로 이동"
2021-09-21 13:23:02 [백엔드 맛보기] info : GET /login 304 "로그인 화면으로 이동"
2021-09-21 13:23:02 [백엔드 맛보기] info : GET /login 304 "로그인 화면으로 이동"
2021-09-21 13:24:02 [백엔드 맛보기] info : GET /login 304 "로그인 화면으로 이동"
2021-09-21 13:25:02 [백엔드 맛보기] info : GET /login 304 "로그인 화면으로 이동"
2021-09-21 13:25:02 [백엔드 맛보기] info : POST /login 200 Response: true 
2021-09-21 13:25:02 [백엔드 맛보기] info : GET / 304 "홈 화면으로 이동"
2021-09-21 13:25:02 [백엔드 맛보기] info : GET /login 304 "로그인 화면으로 이동"
2021-09-21 13:25:02 [백엔드 맛보기] info : GET /register 304 "회원가입 화면으로 이동"
2021-09-21 13:26:02 [백엔드 맛보기] info : GET /login 304 "로그인 화면으로 이동"
2021-09-21 13:26:02 [백엔드 맛보기] info : GET /login 304 "로그인 화면으로 이동"
2021-09-21 13:26:02 [백엔드 맛보기] info : POST /login 200 Response: true 
2021-09-21 13:26:02 [백엔드 맛보기] info : GET / 304 "홈 화면으로 이동"
2021-09-21 13:26:02 [백엔드 맛보기] info : GET /login 304 "로그인 화면으로 이동"
2021-09-21 13:27:02 [백엔드 맛보기] info : GET /register 304 "회원가입 화면으로 이동"
2021-09-21 13:27:02 [백엔드 맛보기] info : GET /register 304 "회원가입 화면으로 이동"
2021-09-21 13:28:02 [백엔드 맛보기] info : GET /register 304 "회원가입 화면으로 이동"
2021-09-21 13:29:02 [백엔드 맛보기] info : GET /register 304 "회원가입 화면으로 이동"
2021-09-21 13:29:02 [백엔드 맛보기] info : GET /login 304 "로그인 화면으로 이동"
2021-09-21 13:29:02 [백엔드 맛보기] info : GET /register 304 "회원가입 화면으로 이동"
2021-09-21 13:29:02 [백엔드 맛보기] info : GET /login 304 "로그인 화면으로 이동"
2021-09-21 13:29:02 [백엔드 맛보기] info : GET /register 304 "회원가입 화면으로 이동"
2021-09-21 13:29:02 [백엔드 맛보기] info : POST /login 200 Response: false 존재하지 않는 아이디입니다.
2021-09-21 13:29:02 [백엔드 맛보기] info : GET /register 304 "회원가입 화면으로 이동"
2021-09-21 13:30:02 [백엔드 맛보기] error : POST /register 409 Response: false Error: ER_DUP_ENTRY: Duplicate entry '123' for key 'users.PRIMARY'
2021-09-21 13:30:02 [백엔드 맛보기] info : POST /register 201 Response: true 
2021-09-21 13:30:02 [백엔드 맛보기] info : GET /login 304 "로그인 화면으로 이동"
2021-09-21 13:30:02 [백엔드 맛보기] info : POST /login 200 Response: true 
2021-09-21 13:30:02 [백엔드 맛보기] info : GET / 304 "홈 화면으로 이동"
2021-09-21 13:30:02 [백엔드 맛보기] info : GET /login 304 "로그인 화면으로 이동"
2021-09-21 13:30:02 [백엔드 맛보기] info : GET /register 304 "회원가입 화면으로 이동"
2021-09-21 13:30:02 [백엔드 맛보기] info : POST /register 201 Response: true 
2021-09-21 13:30:02 [백엔드 맛보기] info : GET /login 304 "로그인 화면으로 이동"
2021-09-21 13:30:02 [백엔드 맛보기] info : GET /register 304 "회원가입 화면으로 이동"
2021-09-21 13:30:02 [백엔드 맛보기] info : GET /login 304 "로그인 화면으로 이동"
2021-09-21 13:34:02 [백엔드 맛보기] info : GET /login 304 "로그인 화면으로 이동"
2021-09-21 13:34:02 [백엔드 맛보기] info : POST /login 200 Response: true 
2021-09-21 13:34:02 [백엔드 맛보기] info : GET / 304 "홈 화면으로 이동"
2021-09-21 13:35:02 [백엔드 맛보기] info : GET /login 304 "로그인 화면으로 이동"
2021-09-21 13:38:02 [백엔드 맛보기] info : 8080 포트에서 서버가 가동되었습니다.
2021-09-21 13:38:02 [백엔드 맛보기] info : GET /login 304 "로그인 화면으로 이동"
2021-09-21 13:38:02 [백엔드 맛보기] info : GET /register 304 "회원가입 화면으로 이동"
2021-09-21 13:38:02 [백엔드 맛보기] info : POST /register 201 Response: true 
2021-09-21 13:38:02 [백엔드 맛보기] info : GET /login 304 "로그인 화면으로 이동"
2021-09-21 13:38:02 [백엔드 맛보기] info : POST /login 200 Response: false 비밀번호가 틀렸습니다.
2021-09-21 13:38:02 [백엔드 맛보기] info : POST /login 200 Response: true 
2021-09-21 13:38:02 [백엔드 맛보기] info : GET / 304 "홈 화면으로 이동"
2021-09-21 13:51:02 [백엔드 맛보기] info : GET / 304 "홈 화면으로 이동"
2021-09-21 13:52:02 [백엔드 맛보기] info : GET / 304 "홈 화면으로 이동"
2021-09-21 14:00:02 [백엔드 맛보기] info : GET / 304 "홈 화면으로 이동"
2021-09-21 14:01:02 [백엔드 맛보기] info : GET / 304 "홈 화면으로 이동"
2021-09-21 14:03:02 [백엔드 맛보기] info : 8080 포트에서 서버가 가동되었습니다.
2021-09-21 14:03:02 [백엔드 맛보기] info : GET / 304 "홈 화면으로 이동"
2021-09-21 14:03:02 [백엔드 맛보기] info : GET / 304 "홈 화면으로 이동"
2021-09-21 14:03:02 [백엔드 맛보기] info : GET / 304 "홈 화면으로 이동"
2021-09-21 14:03:02 [백엔드 맛보기] info : GET / 304 "홈 화면으로 이동"
2021-09-21 14:03:02 [백엔드 맛보기] info : GET / 304 "홈 화면으로 이동"
2021-09-21 14:03:02 [백엔드 맛보기] info : GET / 304 "홈 화면으로 이동"
2021-09-21 14:04:02 [백엔드 맛보기] info : GET / 304 "홈 화면으로 이동"
2021-09-21 14:06:02 [백엔드 맛보기] info : GET / 304 "홈 화면으로 이동"
2021-09-21 14:06:02 [백엔드 맛보기] info : GET / 304 "홈 화면으로 이동"
2021-09-21 14:08:02 [백엔드 맛보기] info : GET / 304 "홈 화면으로 이동"
2021-09-21 14:08:02 [백엔드 맛보기] info : GET / 304 "홈 화면으로 이동"
2021-09-21 14:08:02 [백엔드 맛보기] info : GET / 304 "홈 화면으로 이동"
2021-09-21 14:08:02 [백엔드 맛보기] info : GET / 304 "홈 화면으로 이동"
2021-09-21 14:08:02 [백엔드 맛보기] info : GET / 304 "홈 화면으로 이동"
2021-09-21 14:17:02 [백엔드 맛보기] info : 8080 포트에서 서버가 가동되었습니다.
2021-09-21 14:17:02 [백엔드 맛보기] info : GET /chats 304 "채팅 화면으로 이동"
2021-09-21 14:19:02 [백엔드 맛보기] info : 8080 포트에서 서버가 가동되었습니다.
2021-09-21 14:19:02 [백엔드 맛보기] info : GET / 304 "홈 화면으로 이동"
2021-09-21 14:19:02 [백엔드 맛보기] info : GET /chats 304 "채팅 화면으로 이동"
2021-09-21 14:21:02 [백엔드 맛보기] info : 8080 포트에서 서버가 가동되었습니다.
2021-09-21 14:21:02 [백엔드 맛보기] info : GET /chats 304 "채팅 화면으로 이동"
2021-09-21 14:21:02 [백엔드 맛보기] info : GET /chats 304 "채팅 화면으로 이동"
2021-09-21 14:21:02 [백엔드 맛보기] info : GET /chats 304 "채팅 화면으로 이동"
2021-09-21 14:22:02 [백엔드 맛보기] info : 8080 포트에서 서버가 가동되었습니다.
2021-09-21 14:22:02 [백엔드 맛보기] info : GET /chats 304 "채팅 화면으로 이동"
2021-09-21 14:22:02 [백엔드 맛보기] info : GET / 304 "홈 화면으로 이동"
2021-09-21 14:22:02 [백엔드 맛보기] info : GET /chats 304 "채팅 화면으로 이동"
2021-09-21 14:22:02 [백엔드 맛보기] info : GET /chats 304 "채팅 화면으로 이동"
2021-09-21 14:24:02 [백엔드 맛보기] info : GET / 304 "홈 화면으로 이동"
2021-09-21 14:24:02 [백엔드 맛보기] info : GET /chats 304 "채팅 화면으로 이동"
2021-09-21 14:24:02 [백엔드 맛보기] info : GET / 304 "홈 화면으로 이동"
2021-09-21 14:25:02 [백엔드 맛보기] info : GET /chats 304 "채팅 화면으로 이동"
2021-09-21 14:25:02 [백엔드 맛보기] info : GET /chats 304 "채팅 화면으로 이동"
2021-09-21 14:25:02 [백엔드 맛보기] info : GET /chats 304 "채팅 화면으로 이동"
2021-09-21 14:30:02 [백엔드 맛보기] info : GET /chats 304 "채팅 화면으로 이동"
2021-09-21 14:36:02 [백엔드 맛보기] info : GET / 304 "홈 화면으로 이동"
2021-09-21 14:38:02 [백엔드 맛보기] info : GET /chats 304 "채팅 화면으로 이동"
2021-09-21 14:42:02 [백엔드 맛보기] info : GET / 304 "홈 화면으로 이동"
2021-09-21 14:42:02 [백엔드 맛보기] info : GET /chats 304 "채팅 화면으로 이동"
2021-09-21 14:42:02 [백엔드 맛보기] info : GET /chats 304 "채팅 화면으로 이동"
2021-09-21 14:42:02 [백엔드 맛보기] info : GET /chats 304 "채팅 화면으로 이동"
2021-09-21 14:43:02 [백엔드 맛보기] info : GET / 304 "홈 화면으로 이동"
2021-09-21 14:44:02 [백엔드 맛보기] info : 8080 포트에서 서버가 가동되었습니다.
2021-09-21 14:45:02 [백엔드 맛보기] info : GET /chats 304 "채팅 화면으로 이동"
2021-09-21 14:45:02 [백엔드 맛보기] info : GET / 304 "홈 화면으로 이동"
2021-09-21 14:45:02 [백엔드 맛보기] info : GET /chats 304 "채팅 화면으로 이동"
2021-09-21 14:45:02 [백엔드 맛보기] info : GET /chats 304 "채팅 화면으로 이동"
2021-09-21 14:45:02 [백엔드 맛보기] info : GET /chats 304 "채팅 화면으로 이동"
2021-09-21 14:45:02 [백엔드 맛보기] info : GET /chats 304 "채팅 화면으로 이동"
2021-09-21 14:45:02 [백엔드 맛보기] info : GET /chats 304 "채팅 화면으로 이동"
2021-09-21 14:45:02 [백엔드 맛보기] info : GET /chats 304 "채팅 화면으로 이동"
2021-09-21 14:45:02 [백엔드 맛보기] info : GET / 304 "홈 화면으로 이동"
2021-09-21 14:45:02 [백엔드 맛보기] info : GET /chats 304 "채팅 화면으로 이동"
2021-09-21 14:45:02 [백엔드 맛보기] info : GET /chats 304 "채팅 화면으로 이동"
2021-09-21 14:45:02 [백엔드 맛보기] info : GET /chats 304 "채팅 화면으로 이동"
2021-09-21 14:45:02 [백엔드 맛보기] info : GET /chats 304 "채팅 화면으로 이동"
2021-09-21 14:45:02 [백엔드 맛보기] info : GET /chats 304 "채팅 화면으로 이동"
2021-09-21 14:45:02 [백엔드 맛보기] info : GET / 304 "홈 화면으로 이동"
2021-09-21 14:45:02 [백엔드 맛보기] info : GET /chats 304 "채팅 화면으로 이동"
2021-09-21 14:45:02 [백엔드 맛보기] info : GET / 304 "홈 화면으로 이동"
2021-09-21 14:45:02 [백엔드 맛보기] info : GET /chats 304 "채팅 화면으로 이동"
2021-09-21 14:45:02 [백엔드 맛보기] info : GET / 304 "홈 화면으로 이동"
2021-09-21 14:45:02 [백엔드 맛보기] info : GET /chats 304 "채팅 화면으로 이동"
2021-09-21 14:46:02 [백엔드 맛보기] info : GET / 304 "홈 화면으로 이동"
2021-09-21 14:46:02 [백엔드 맛보기] info : GET /chats 304 "채팅 화면으로 이동"
2021-09-21 14:46:02 [백엔드 맛보기] info : GET /chats 304 "채팅 화면으로 이동"
2021-09-21 14:46:02 [백엔드 맛보기] info : GET /chats 304 "채팅 화면으로 이동"
2021-09-21 14:46:02 [백엔드 맛보기] info : GET /chats 304 "채팅 화면으로 이동"
2021-09-21 14:46:02 [백엔드 맛보기] info : GET /chats 304 "채팅 화면으로 이동"
2021-09-21 14:46:02 [백엔드 맛보기] info : GET / 304 "홈 화면으로 이동"
2021-09-21 14:46:02 [백엔드 맛보기] info : GET /chats 304 "채팅 화면으로 이동"
2021-09-21 14:46:02 [백엔드 맛보기] info : GET /chats 304 "채팅 화면으로 이동"
2021-09-21 14:46:02 [백엔드 맛보기] info : GET /chats 304 "채팅 화면으로 이동"
2021-09-21 14:46:02 [백엔드 맛보기] info : GET /chats 304 "채팅 화면으로 이동"
2021-09-21 14:46:02 [백엔드 맛보기] info : GET /chats 304 "채팅 화면으로 이동"
2021-09-21 14:46:02 [백엔드 맛보기] info : GET / 304 "홈 화면으로 이동"
2021-09-21 14:46:02 [백엔드 맛보기] info : GET /chats 304 "채팅 화면으로 이동"
2021-09-21 14:46:02 [백엔드 맛보기] info : GET /chats 304 "채팅 화면으로 이동"
2021-09-21 14:46:02 [백엔드 맛보기] info : GET /chats 304 "채팅 화면으로 이동"
2021-09-21 14:46:02 [백엔드 맛보기] info : GET /chats 304 "채팅 화면으로 이동"
2021-09-21 14:46:02 [백엔드 맛보기] info : GET /chats 304 "채팅 화면으로 이동"
2021-09-21 14:46:02 [백엔드 맛보기] info : GET /chats 304 "채팅 화면으로 이동"
2021-09-21 14:46:02 [백엔드 맛보기] info : GET /chats 304 "채팅 화면으로 이동"
2021-09-21 14:46:02 [백엔드 맛보기] info : GET / 304 "홈 화면으로 이동"
2021-09-21 14:46:02 [백엔드 맛보기] info : GET /chats 304 "채팅 화면으로 이동"
2021-09-21 14:46:02 [백엔드 맛보기] info : GET /chats 304 "채팅 화면으로 이동"
2021-09-21 14:46:02 [백엔드 맛보기] info : GET /chats 304 "채팅 화면으로 이동"
2021-09-21 14:46:02 [백엔드 맛보기] info : GET / 304 "홈 화면으로 이동"
2021-09-21 14:47:02 [백엔드 맛보기] info : GET /login 304 "로그인 화면으로 이동"
2021-09-21 14:47:02 [백엔드 맛보기] info : GET /register 304 "회원가입 화면으로 이동"
2021-09-21 14:51:02 [백엔드 맛보기] info : 8080 포트에서 서버가 가동되었습니다.
2021-09-21 14:51:02 [백엔드 맛보기] info : GET /login 304 "로그인 화면으로 이동"
2021-09-21 14:51:02 [백엔드 맛보기] info : GET /register 304 "회원가입 화면으로 이동"
2021-09-21 14:51:02 [백엔드 맛보기] error : POST /register 409 Response: false Error: ER_BAD_FIELD_ERROR: Unknown column 'name' in 'field list'
2021-09-21 14:52:02 [백엔드 맛보기] error : POST /register 409 Response: false Error: ER_BAD_FIELD_ERROR: Unknown column 'name' in 'field list'
2021-09-21 14:52:02 [백엔드 맛보기] info : GET /register 304 "회원가입 화면으로 이동"
2021-09-21 14:52:02 [백엔드 맛보기] error : POST /register 409 Response: false Error: ER_BAD_FIELD_ERROR: Unknown column 'name' in 'field list'
2021-09-21 14:53:02 [백엔드 맛보기] info : 8080 포트에서 서버가 가동되었습니다.
2021-09-21 14:53:02 [백엔드 맛보기] info : POST /register 201 Response: true 
2021-09-21 14:53:02 [백엔드 맛보기] info : GET /login 304 "로그인 화면으로 이동"
2021-09-21 14:53:02 [백엔드 맛보기] info : GET /register 304 "회원가입 화면으로 이동"
2021-09-21 14:53:02 [백엔드 맛보기] info : POST /register 201 Response: true 
2021-09-21 14:53:02 [백엔드 맛보기] info : GET /login 304 "로그인 화면으로 이동"
2021-09-21 14:53:02 [백엔드 맛보기] info : POST /login 200 Response: true 
2021-09-21 14:53:02 [백엔드 맛보기] info : GET / 304 "홈 화면으로 이동"
2021-09-21 14:53:02 [백엔드 맛보기] info : GET /chats 304 "채팅 화면으로 이동"
2021-09-21 14:53:02 [백엔드 맛보기] info : GET /chats 304 "채팅 화면으로 이동"
2021-09-21 14:53:02 [백엔드 맛보기] info : GET /chats 304 "채팅 화면으로 이동"
2021-09-21 14:54:02 [백엔드 맛보기] info : GET /login 304 "로그인 화면으로 이동"
2021-09-21 14:54:02 [백엔드 맛보기] info : GET /register 304 "회원가입 화면으로 이동"
2021-09-21 14:54:02 [백엔드 맛보기] info : GET /login 304 "로그인 화면으로 이동"
2021-09-21 14:56:02 [백엔드 맛보기] info : 8080 포트에서 서버가 가동되었습니다.
2021-09-21 14:56:02 [백엔드 맛보기] info : GET / 304 "홈 화면으로 이동"
2021-09-21 15:03:02 [백엔드 맛보기] info : 8080 포트에서 서버가 가동되었습니다.
2021-09-21 15:03:02 [백엔드 맛보기] info : GET / 304 "홈 화면으로 이동"
2021-09-21 15:03:02 [백엔드 맛보기] info : GET /login 304 "로그인 화면으로 이동"
2021-09-21 15:03:02 [백엔드 맛보기] info : GET /register 304 "회원가입 화면으로 이동"
2021-09-21 15:03:02 [백엔드 맛보기] info : POST /register 201 Response: false 이미존재하는아이디
2021-09-21 15:04:02 [백엔드 맛보기] info : POST /register 201 Response: false 이미존재하는아이디
2021-09-21 15:09:02 [백엔드 맛보기] info : 8080 포트에서 서버가 가동되었습니다.
2021-09-21 15:10:02 [백엔드 맛보기] info : GET / 304 "홈 화면으로 이동"
2021-09-21 15:10:02 [백엔드 맛보기] info : GET /login 304 "로그인 화면으로 이동"
2021-09-21 15:10:02 [백엔드 맛보기] info : GET /register 304 "회원가입 화면으로 이동"
2021-09-21 15:10:02 [백엔드 맛보기] info : POST /register 201 Response: false 이미존재하는아이디
2021-09-21 15:10:02 [백엔드 맛보기] info : POST /register 201 Response: false 이미존재하는아이디
2021-09-21 15:10:02 [백엔드 맛보기] info : POST /register 201 Response: false 이미존재하는아이디
2021-09-21 15:10:02 [백엔드 맛보기] info : 8080 포트에서 서버가 가동되었습니다.
2021-09-21 15:10:02 [백엔드 맛보기] info : POST /register 201 Response: false 존재하는 아이디입니다.
2021-09-21 15:10:02 [백엔드 맛보기] info : POST /register 201 Response: false 존재하는 아이디입니다.
2021-09-21 15:13:02 [백엔드 맛보기] info : POST /register 201 Response: false 존재하는 아이디입니다.
2021-09-21 15:13:02 [백엔드 맛보기] info : POST /register 201 Response: true 
2021-09-21 15:13:02 [백엔드 맛보기] info : GET /login 304 "로그인 화면으로 이동"
2021-09-21 15:13:02 [백엔드 맛보기] info : GET /register 304 "회원가입 화면으로 이동"
2021-09-21 15:13:02 [백엔드 맛보기] info : POST /register 201 Response: false 존재하는 아이디입니다.
2021-09-21 15:13:02 [백엔드 맛보기] info : POST /register 201 Response: true 
2021-09-21 15:13:02 [백엔드 맛보기] info : GET /login 304 "로그인 화면으로 이동"
2021-09-21 15:13:02 [백엔드 맛보기] info : GET /register 304 "회원가입 화면으로 이동"
2021-09-21 15:13:02 [백엔드 맛보기] info : POST /register 201 Response: true 
2021-09-21 15:13:02 [백엔드 맛보기] info : GET /login 304 "로그인 화면으로 이동"
2021-09-21 15:13:02 [백엔드 맛보기] info : GET /register 304 "회원가입 화면으로 이동"
2021-09-21 15:13:02 [백엔드 맛보기] info : POST /register 201 Response: true 
2021-09-21 15:13:02 [백엔드 맛보기] info : GET /login 304 "로그인 화면으로 이동"
2021-09-21 15:13:02 [백엔드 맛보기] info : GET /register 304 "회원가입 화면으로 이동"
2021-09-21 15:13:02 [백엔드 맛보기] info : POST /register 201 Response: true 
2021-09-21 15:13:02 [백엔드 맛보기] info : GET /login 304 "로그인 화면으로 이동"
2021-09-21 15:13:02 [백엔드 맛보기] info : GET /register 304 "회원가입 화면으로 이동"
2021-09-21 15:14:02 [백엔드 맛보기] info : GET /login 304 "로그인 화면으로 이동"
2021-09-21 15:16:02 [백엔드 맛보기] info : 8080 포트에서 서버가 가동되었습니다.
2021-09-21 15:16:02 [백엔드 맛보기] info : GET /register 304 "회원가입 화면으로 이동"
2021-09-21 15:18:02 [백엔드 맛보기] info : 8080 포트에서 서버가 가동되었습니다.
2021-09-21 15:18:02 [백엔드 맛보기] info : GET /register 304 "회원가입 화면으로 이동"
2021-09-21 15:18:02 [백엔드 맛보기] info : POST /register 201 Response: false 이미 존재하는 아이디입니다.
2021-09-21 15:18:02 [백엔드 맛보기] info : POST /register 201 Response: true 
2021-09-21 15:18:02 [백엔드 맛보기] info : GET /login 304 "로그인 화면으로 이동"
2021-09-21 15:18:02 [백엔드 맛보기] info : GET /register 304 "회원가입 화면으로 이동"
2021-09-21 15:18:02 [백엔드 맛보기] info : POST /register 201 Response: false 이미 존재하는 아이디입니다.
2021-09-21 15:18:02 [백엔드 맛보기] info : POST /register 201 Response: true 
2021-09-21 15:18:02 [백엔드 맛보기] info : GET /login 304 "로그인 화면으로 이동"
2021-09-21 15:18:02 [백엔드 맛보기] info : GET /register 304 "회원가입 화면으로 이동"
2021-09-21 15:19:02 [백엔드 맛보기] info : POST /register 201 Response: false 이미 존재하는 아이디입니다.
2021-09-21 15:19:02 [백엔드 맛보기] info : POST /register 201 Response: false 이미 존재하는 아이디입니다.
2021-09-21 15:19:02 [백엔드 맛보기] info : POST /register 201 Response: false 이미 존재하는 아이디입니다.
2021-09-21 15:19:02 [백엔드 맛보기] info : POST /register 201 Response: true 
2021-09-21 15:19:02 [백엔드 맛보기] info : GET /login 304 "로그인 화면으로 이동"
2021-09-21 15:19:02 [백엔드 맛보기] info : POST /login 200 Response: false 비밀번호가 틀렸습니다.
2021-09-21 15:19:02 [백엔드 맛보기] info : GET /register 304 "회원가입 화면으로 이동"
2021-09-21 15:20:02 [백엔드 맛보기] info : POST /register 201 Response: true 
2021-09-21 15:20:02 [백엔드 맛보기] info : GET /login 304 "로그인 화면으로 이동"
2021-09-21 15:21:02 [백엔드 맛보기] info : POST /login 200 Response: true 
2021-09-21 15:21:02 [백엔드 맛보기] info : GET / 304 "홈 화면으로 이동"
2021-09-21 15:21:02 [백엔드 맛보기] info : GET /login 304 "로그인 화면으로 이동"
2021-09-21 15:21:02 [백엔드 맛보기] info : GET /register 304 "회원가입 화면으로 이동"
2021-09-21 15:21:02 [백엔드 맛보기] info : GET /register 304 "회원가입 화면으로 이동"
2021-09-21 15:21:02 [백엔드 맛보기] info : GET /login 304 "로그인 화면으로 이동"
2021-09-21 15:21:02 [백엔드 맛보기] info : GET /register 304 "회원가입 화면으로 이동"
2021-09-28 18:19:02 [백엔드 맛보기] info : 8080 포트에서 서버가 가동되었습니다.
2021-09-28 18:20:02 [백엔드 맛보기] info : GET / 304 "홈 화면으로 이동"
2021-09-28 18:20:02 [백엔드 맛보기] info : GET /login 304 "로그인 화면으로 이동"
2021-09-28 18:20:02 [백엔드 맛보기] info : GET /register 304 "회원가입 화면으로 이동"
2021-09-28 18:20:02 [백엔드 맛보기] info : POST /register 201 Response: true 
2021-09-28 18:20:02 [백엔드 맛보기] info : GET /login 304 "로그인 화면으로 이동"
2021-09-28 18:20:02 [백엔드 맛보기] info : POST /login 200 Response: false 비밀번호가 틀렸습니다.
2021-09-28 18:20:02 [백엔드 맛보기] info : POST /login 200 Response: false 비밀번호가 틀렸습니다.
2021-09-28 18:20:02 [백엔드 맛보기] info : POST /login 200 Response: false 존재하지 않는 아이디입니다.
2021-09-28 18:20:02 [백엔드 맛보기] info : POST /login 200 Response: true 
2021-09-28 18:20:02 [백엔드 맛보기] info : GET / 304 "홈 화면으로 이동"
2021-09-28 18:21:02 [백엔드 맛보기] info : GET /chats 304 "채팅 화면으로 이동"
2021-09-28 18:21:02 [백엔드 맛보기] info : GET /chats 304 "채팅 화면으로 이동"
2021-09-28 18:21:02 [백엔드 맛보기] info : GET /chats 304 "채팅 화면으로 이동"
2021-09-28 18:21:02 [백엔드 맛보기] info : GET /chats 304 "채팅 화면으로 이동"
2021-09-28 18:21:02 [백엔드 맛보기] info : GET /chats 304 "채팅 화면으로 이동"
2021-09-28 18:21:02 [백엔드 맛보기] info : GET /chats 304 "채팅 화면으로 이동"
2021-09-28 18:21:02 [백엔드 맛보기] info : GET /chats 304 "채팅 화면으로 이동"
2021-09-28 18:21:02 [백엔드 맛보기] info : GET / 304 "홈 화면으로 이동"
2021-09-28 18:25:02 [백엔드 맛보기] info : 8080 포트에서 서버가 가동되었습니다.
2021-09-28 18:25:02 [백엔드 맛보기] info : GET / 304 "홈 화면으로 이동"
2021-09-28 18:25:02 [백엔드 맛보기] info : GET /login 304 "로그인 화면으로 이동"
2021-09-28 18:25:02 [백엔드 맛보기] info : POST /login 200 Response: true 
2021-09-28 18:25:02 [백엔드 맛보기] info : GET / 304 "홈 화면으로 이동"
2021-09-28 18:25:02 [백엔드 맛보기] info : GET /chats 304 "채팅목록 화면으로 이동"
2021-09-28 18:25:02 [백엔드 맛보기] info : GET /chat 304 "채팅 화면으로 이동"
2021-09-28 18:25:02 [백엔드 맛보기] info : GET /chats 304 "채팅목록 화면으로 이동"
2021-09-28 18:25:02 [백엔드 맛보기] info : GET /find 304 "찾기 화면으로 이동"
2021-09-28 18:25:02 [백엔드 맛보기] info : GET /more 304 "더보기 화면으로 이동"
2021-09-28 18:25:02 [백엔드 맛보기] info : GET /find 304 "찾기 화면으로 이동"
2021-09-28 18:25:02 [백엔드 맛보기] info : GET /more 304 "더보기 화면으로 이동"
2021-09-28 18:26:02 [백엔드 맛보기] info : GET /settings 304 "설정 화면으로 이동"
2021-09-28 18:26:02 [백엔드 맛보기] info : GET /find 304 "찾기 화면으로 이동"
2021-09-28 18:26:02 [백엔드 맛보기] info : GET /more 304 "더보기 화면으로 이동"
2021-09-28 18:26:02 [백엔드 맛보기] info : GET /chats 304 "채팅목록 화면으로 이동"
2021-09-28 18:26:02 [백엔드 맛보기] info : GET / 304 "홈 화면으로 이동"
2021-09-28 18:26:02 [백엔드 맛보기] info : GET /more 304 "더보기 화면으로 이동"
2021-09-28 18:28:02 [백엔드 맛보기] info : GET /more 304 "더보기 화면으로 이동"
2021-09-28 18:28:02 [백엔드 맛보기] info : GET /settings 304 "설정 화면으로 이동"
2021-09-28 18:33:02 [백엔드 맛보기] info : GET /settings 304 "설정 화면으로 이동"
2021-09-28 18:33:02 [백엔드 맛보기] info : GET /more 304 "더보기 화면으로 이동"
2021-09-28 18:33:02 [백엔드 맛보기] info : GET /more 304 "더보기 화면으로 이동"
2021-09-28 18:33:02 [백엔드 맛보기] info : GET /settings 304 "설정 화면으로 이동"
2021-09-28 18:33:02 [백엔드 맛보기] info : GET /settings 304 "설정 화면으로 이동"
2021-09-28 18:33:02 [백엔드 맛보기] info : GET /settings 304 "설정 화면으로 이동"
2021-09-28 18:33:02 [백엔드 맛보기] info : GET /more 304 "더보기 화면으로 이동"
2021-09-28 18:33:02 [백엔드 맛보기] info : GET / 304 "홈 화면으로 이동"
2021-09-28 18:34:02 [백엔드 맛보기] info : GET /chats 304 "채팅목록 화면으로 이동"
2021-09-28 18:50:02 [백엔드 맛보기] info : 8080 포트에서 서버가 가동되었습니다.
2021-09-28 18:50:02 [백엔드 맛보기] info : GET / 304 "홈 화면으로 이동"
2021-09-28 18:50:02 [백엔드 맛보기] info : GET /login 304 "로그인 화면으로 이동"
2021-09-28 18:50:02 [백엔드 맛보기] info : GET /login 304 "로그인 화면으로 이동"
2021-09-28 18:52:02 [백엔드 맛보기] info : GET / 304 "홈 화면으로 이동"
2021-09-28 18:54:02 [백엔드 맛보기] info : GET / 304 "홈 화면으로 이동"
2021-09-28 18:54:02 [백엔드 맛보기] info : GET / 304 "홈 화면으로 이동"
2021-09-28 18:54:02 [백엔드 맛보기] info : GET / 304 "홈 화면으로 이동"
2021-10-01 15:49:05 [백엔드 맛보기] info : 8080 포트에서 서버가 가동되었습니다.
2021-10-01 15:49:05 [백엔드 맛보기] info : GET / 304 "홈 화면으로 이동"
2021-10-01 15:49:05 [백엔드 맛보기] info : GET /login 304 "로그인 화면으로 이동"
2021-10-01 15:49:05 [백엔드 맛보기] info : POST /login 200 Response: true 
2021-10-01 15:49:05 [백엔드 맛보기] info : GET / 304 "홈 화면으로 이동"
2021-10-01 15:49:05 [백엔드 맛보기] info : GET /more 304 "더보기 화면으로 이동"
2021-10-01 15:49:05 [백엔드 맛보기] info : GET /settings 304 "설정 화면으로 이동"
2021-10-04 16:54:01 [백엔드 맛보기] info : 8080 포트에서 서버가 가동되었습니다.
2021-10-04 17:05:01 [백엔드 맛보기] info : 8080 포트에서 서버가 가동되었습니다.
2021-10-04 17:05:01 [백엔드 맛보기] info : GET / 304 "홈 화면으로 이동"
2021-10-04 17:05:01 [백엔드 맛보기] info : GET /chats 304 "채팅목록 화면으로 이동"
2021-10-04 17:05:01 [백엔드 맛보기] info : GET /chat 304 "채팅 화면으로 이동"
2021-10-04 17:13:01 [백엔드 맛보기] info : 8080 포트에서 서버가 가동되었습니다.
2021-10-04 17:13:01 [백엔드 맛보기] info : GET /chats 304 "채팅목록 화면으로 이동"
2021-10-04 17:13:01 [백엔드 맛보기] info : GET /chat 304 "채팅 화면으로 이동"
2021-10-04 19:15:01 [백엔드 맛보기] info : 8080 포트에서 서버가 가동되었습니다.
2021-10-04 19:16:01 [백엔드 맛보기] info : GET / 304 "홈 화면으로 이동"
2021-10-04 19:16:01 [백엔드 맛보기] info : GET /chats 304 "채팅목록 화면으로 이동"
2021-10-04 19:16:01 [백엔드 맛보기] info : GET /chat 304 "채팅 화면으로 이동"
2021-10-04 19:16:01 [백엔드 맛보기] info : GET /chat 304 "채팅 화면으로 이동"
2021-10-04 19:16:01 [백엔드 맛보기] info : GET /chat 304 "채팅 화면으로 이동"
2021-10-04 19:17:01 [백엔드 맛보기] info : GET /chat 304 "채팅 화면으로 이동"
2021-10-04 19:17:01 [백엔드 맛보기] info : GET /chat 304 "채팅 화면으로 이동"
2021-10-04 19:17:01 [백엔드 맛보기] info : GET /chat 304 "채팅 화면으로 이동"
2021-10-04 19:17:01 [백엔드 맛보기] info : GET /chat 304 "채팅 화면으로 이동"
2021-10-04 19:17:01 [백엔드 맛보기] info : GET /chat 304 "채팅 화면으로 이동"
2021-10-04 19:19:01 [백엔드 맛보기] info : 8080 포트에서 서버가 가동되었습니다.
2021-10-04 19:19:01 [백엔드 맛보기] info : GET /chat 304 "채팅 화면으로 이동"
2021-10-04 19:19:01 [백엔드 맛보기] info : GET /chat 304 "채팅 화면으로 이동"
2021-10-04 19:19:01 [백엔드 맛보기] info : GET /chat 304 "채팅 화면으로 이동"
2021-10-05 00:13:02 [백엔드 맛보기] info : 8080 포트에서 서버가 가동되었습니다.
2021-10-05 00:13:02 [백엔드 맛보기] info : GET / 304 "홈 화면으로 이동"
2021-10-05 00:13:02 [백엔드 맛보기] info : GET /login 304 "로그인 화면으로 이동"
2021-10-05 00:13:02 [백엔드 맛보기] info : GET /register 304 "회원가입 화면으로 이동"
2021-10-05 00:13:02 [백엔드 맛보기] info : POST /register 201 Response: true 
2021-10-05 00:13:02 [백엔드 맛보기] info : GET /login 304 "로그인 화면으로 이동"
2021-10-05 12:30:02 [백엔드 맛보기] info : 8080 포트에서 서버가 가동되었습니다.
2021-10-05 12:30:02 [백엔드 맛보기] info : GET /chat 304 "채팅 화면으로 이동"
2021-10-05 12:30:02 [백엔드 맛보기] info : GET /chat 304 "채팅 화면으로 이동"
2021-10-05 12:30:02 [백엔드 맛보기] info : GET /chat 304 "채팅 화면으로 이동"
2021-10-05 12:30:02 [백엔드 맛보기] info : GET /chat 304 "채팅 화면으로 이동"
2021-10-05 16:39:02 [백엔드 맛보기] info : 8080 포트에서 서버가 가동되었습니다.
2021-10-05 16:39:02 [백엔드 맛보기] info : GET /chat 304 "채팅 화면으로 이동"
2021-10-05 16:39:02 [백엔드 맛보기] info : GET /chats 304 "채팅목록 화면으로 이동"
2021-10-05 16:41:02 [백엔드 맛보기] info : 8080 포트에서 서버가 가동되었습니다.
2021-10-05 16:41:02 [백엔드 맛보기] info : GET / 304 "홈 화면으로 이동"
2021-10-05 16:41:02 [백엔드 맛보기] info : GET /chats 304 "채팅목록 화면으로 이동"
2021-10-05 16:41:02 [백엔드 맛보기] info : GET /find 304 "찾기 화면으로 이동"
2021-10-05 16:41:02 [백엔드 맛보기] info : GET /chats 304 "채팅목록 화면으로 이동"
2021-10-05 16:41:02 [백엔드 맛보기] info : GET /chat 304 "채팅 화면으로 이동"
2021-10-05 16:43:02 [백엔드 맛보기] info : 8080 포트에서 서버가 가동되었습니다.
2021-10-05 16:43:02 [백엔드 맛보기] info : 8080 포트에서 서버가 가동되었습니다.
2021-10-05 16:43:02 [백엔드 맛보기] info : GET / 304 "홈 화면으로 이동"
2021-10-05 16:43:02 [백엔드 맛보기] info : GET /chats 304 "채팅목록 화면으로 이동"
2021-10-05 17:03:02 [백엔드 맛보기] info : 8080 포트에서 서버가 가동되었습니다.
2021-10-05 17:03:02 [백엔드 맛보기] info : GET /login 304 "로그인 화면으로 이동"
2021-10-05 17:03:02 [백엔드 맛보기] info : GET /register 304 "회원가입 화면으로 이동"
2021-10-05 17:03:02 [백엔드 맛보기] info : POST /register 201 Response: false 이미 존재하는 아이디입니다.
2021-10-05 17:03:02 [백엔드 맛보기] info : POST /register 201 Response: true 
2021-10-05 17:03:02 [백엔드 맛보기] info : GET /login 304 "로그인 화면으로 이동"
2021-10-05 17:03:02 [백엔드 맛보기] info : POST /login 200 Response: true 
2021-10-05 17:03:02 [백엔드 맛보기] info : GET / 304 "홈 화면으로 이동"
2021-10-05 17:03:02 [백엔드 맛보기] info : GET /chats 304 "채팅목록 화면으로 이동"
2021-10-05 17:03:02 [백엔드 맛보기] info : GET /find 304 "찾기 화면으로 이동"
2021-10-05 17:03:02 [백엔드 맛보기] info : GET /more 304 "더보기 화면으로 이동"
2021-10-05 17:03:02 [백엔드 맛보기] info : GET /settings 304 "설정 화면으로 이동"
2021-10-05 17:03:02 [백엔드 맛보기] info : GET /more 304 "더보기 화면으로 이동"
2021-10-05 17:03:02 [백엔드 맛보기] info : GET /chats 304 "채팅목록 화면으로 이동"
2021-10-05 17:04:02 [백엔드 맛보기] info : GET /chat 304 "채팅 화면으로 이동"
2021-10-05 17:04:02 [백엔드 맛보기] info : GET /chats 304 "채팅목록 화면으로 이동"
2021-10-05 17:04:02 [백엔드 맛보기] info : GET /chat 304 "채팅 화면으로 이동"
2021-10-05 17:13:02 [백엔드 맛보기] info : 8080 포트에서 서버가 가동되었습니다.
2021-10-05 17:13:02 [백엔드 맛보기] info : GET /chat 304 "채팅 화면으로 이동"
2021-10-05 17:13:02 [백엔드 맛보기] info : GET /chat 304 "채팅 화면으로 이동"
2021-10-05 17:14:02 [백엔드 맛보기] info : GET /chat 304 "채팅 화면으로 이동"
2021-10-05 17:14:02 [백엔드 맛보기] info : 8080 포트에서 서버가 가동되었습니다.
2021-10-05 17:14:02 [백엔드 맛보기] info : GET /chat 304 "채팅 화면으로 이동"
2021-10-05 17:14:02 [백엔드 맛보기] info : GET /chat 304 "채팅 화면으로 이동"
2021-10-05 17:14:02 [백엔드 맛보기] info : GET /chat 304 "채팅 화면으로 이동"
2021-10-05 17:14:02 [백엔드 맛보기] info : GET /chat 304 "채팅 화면으로 이동"
2021-10-05 17:15:02 [백엔드 맛보기] info : 8080 포트에서 서버가 가동되었습니다.
2021-10-05 17:15:02 [백엔드 맛보기] info : GET /chat 304 "채팅 화면으로 이동"
2021-10-05 17:15:02 [백엔드 맛보기] info : GET /chat 304 "채팅 화면으로 이동"
2021-10-05 17:22:02 [백엔드 맛보기] info : 8080 포트에서 서버가 가동되었습니다.
2021-10-05 17:22:02 [백엔드 맛보기] info : GET /chat 304 "채팅 화면으로 이동"
2021-10-05 17:22:02 [백엔드 맛보기] info : GET /chat 304 "채팅 화면으로 이동"
2021-10-05 17:23:02 [백엔드 맛보기] info : GET /chat 304 "채팅 화면으로 이동"
2021-10-05 17:23:02 [백엔드 맛보기] info : GET /chat 304 "채팅 화면으로 이동"
2021-10-05 17:24:02 [백엔드 맛보기] info : 8080 포트에서 서버가 가동되었습니다.
2021-10-05 17:24:02 [백엔드 맛보기] info : GET /chat 304 "채팅 화면으로 이동"
2021-10-05 17:24:02 [백엔드 맛보기] info : GET /chat 304 "채팅 화면으로 이동"
2021-10-05 17:24:02 [백엔드 맛보기] info : GET /chat 304 "채팅 화면으로 이동"
2021-10-05 17:24:02 [백엔드 맛보기] info : GET /chat 304 "채팅 화면으로 이동"
2021-10-05 17:24:02 [백엔드 맛보기] info : GET /chat 304 "채팅 화면으로 이동"
2021-10-05 17:24:02 [백엔드 맛보기] info : GET /chat 304 "채팅 화면으로 이동"
2021-10-05 17:25:02 [백엔드 맛보기] info : 8080 포트에서 서버가 가동되었습니다.
2021-10-05 17:25:02 [백엔드 맛보기] info : GET /chat 304 "채팅 화면으로 이동"
2021-10-05 17:25:02 [백엔드 맛보기] info : GET /chat 304 "채팅 화면으로 이동"
2021-10-05 17:27:02 [백엔드 맛보기] info : 8080 포트에서 서버가 가동되었습니다.
2021-10-05 17:27:02 [백엔드 맛보기] info : GET / 304 "홈 화면으로 이동"
2021-10-05 17:27:02 [백엔드 맛보기] info : GET /chats 304 "채팅목록 화면으로 이동"
2021-10-05 17:27:02 [백엔드 맛보기] info : GET /chat 304 "채팅 화면으로 이동"
2021-10-05 17:28:02 [백엔드 맛보기] info : GET /chat 304 "채팅 화면으로 이동"
2021-10-05 17:36:02 [백엔드 맛보기] info : 8080 포트에서 서버가 가동되었습니다.
2021-10-05 17:36:02 [백엔드 맛보기] info : GET /chat 304 "채팅 화면으로 이동"
2021-10-05 17:36:02 [백엔드 맛보기] info : GET /chat 304 "채팅 화면으로 이동"
2021-10-05 17:36:02 [백엔드 맛보기] info : GET /chat 304 "채팅 화면으로 이동"
2021-10-05 17:37:02 [백엔드 맛보기] info : 8080 포트에서 서버가 가동되었습니다.
2021-10-05 17:37:02 [백엔드 맛보기] info : GET /chat 304 "채팅 화면으로 이동"
2021-10-05 17:37:02 [백엔드 맛보기] info : GET /chat 304 "채팅 화면으로 이동"
2021-10-05 17:37:02 [백엔드 맛보기] info : GET /chat 304 "채팅 화면으로 이동"
2021-10-05 17:39:02 [백엔드 맛보기] info : 8080 포트에서 서버가 가동되었습니다.
2021-10-05 17:39:02 [백엔드 맛보기] info : GET / 304 "홈 화면으로 이동"
2021-10-05 17:39:02 [백엔드 맛보기] info : GET /chats 304 "채팅목록 화면으로 이동"
2021-10-05 17:39:02 [백엔드 맛보기] info : GET /chat 304 "채팅 화면으로 이동"
2021-10-05 17:41:02 [백엔드 맛보기] info : GET /chat 304 "채팅 화면으로 이동"
2021-10-05 17:42:02 [백엔드 맛보기] info : GET /chat 304 "채팅 화면으로 이동"
2021-10-05 17:44:02 [백엔드 맛보기] info : GET /chat 304 "채팅 화면으로 이동"
2021-10-05 17:44:02 [백엔드 맛보기] info : GET /chat 304 "채팅 화면으로 이동"
2021-10-05 17:46:02 [백엔드 맛보기] info : GET /chat 304 "채팅 화면으로 이동"
2021-10-05 17:47:02 [백엔드 맛보기] info : GET /chat 304 "채팅 화면으로 이동"
2021-10-05 17:47:02 [백엔드 맛보기] info : GET /chat 304 "채팅 화면으로 이동"
2021-10-05 17:47:02 [백엔드 맛보기] info : GET /chat 304 "채팅 화면으로 이동"
2021-10-05 17:48:02 [백엔드 맛보기] info : GET /chat 304 "채팅 화면으로 이동"
2021-10-05 17:49:02 [백엔드 맛보기] info : GET /chat 304 "채팅 화면으로 이동"
2021-10-05 17:49:02 [백엔드 맛보기] info : GET /chat 304 "채팅 화면으로 이동"
2021-10-05 17:49:02 [백엔드 맛보기] info : GET /chat 304 "채팅 화면으로 이동"
2021-10-05 17:50:02 [백엔드 맛보기] info : GET /chat 304 "채팅 화면으로 이동"
2021-10-05 17:51:02 [백엔드 맛보기] info : GET /chat 304 "채팅 화면으로 이동"
2021-10-05 17:52:02 [백엔드 맛보기] info : GET /chat 304 "채팅 화면으로 이동"
2021-10-05 17:53:02 [백엔드 맛보기] info : GET /chat 304 "채팅 화면으로 이동"
2021-10-05 17:53:02 [백엔드 맛보기] info : GET /chat 304 "채팅 화면으로 이동"
2021-10-05 17:53:02 [백엔드 맛보기] info : GET /chat 304 "채팅 화면으로 이동"
2021-10-05 17:53:02 [백엔드 맛보기] info : GET /chats 304 "채팅목록 화면으로 이동"
2021-10-05 17:53:02 [백엔드 맛보기] info : GET /chat 304 "채팅 화면으로 이동"
2021-10-05 17:54:02 [백엔드 맛보기] info : GET /chat 304 "채팅 화면으로 이동"
2021-10-05 17:55:02 [백엔드 맛보기] info : GET /chat 304 "채팅 화면으로 이동"
2021-10-05 17:55:02 [백엔드 맛보기] info : GET /chat 304 "채팅 화면으로 이동"
2021-10-05 17:55:02 [백엔드 맛보기] info : GET /chat 304 "채팅 화면으로 이동"
2021-10-05 17:57:02 [백엔드 맛보기] info : GET /chat 304 "채팅 화면으로 이동"
2021-10-05 17:58:02 [백엔드 맛보기] info : GET /chat 304 "채팅 화면으로 이동"
2021-10-05 17:58:02 [백엔드 맛보기] info : GET /chat 304 "채팅 화면으로 이동"
2021-10-05 17:58:02 [백엔드 맛보기] info : GET /chat 304 "채팅 화면으로 이동"
2021-10-05 17:58:02 [백엔드 맛보기] info : GET /chat 304 "채팅 화면으로 이동"
2021-10-05 17:58:02 [백엔드 맛보기] info : GET /chat 304 "채팅 화면으로 이동"
2021-10-05 17:58:02 [백엔드 맛보기] info : GET /chat 304 "채팅 화면으로 이동"
2021-10-05 17:59:02 [백엔드 맛보기] info : GET /chat 304 "채팅 화면으로 이동"
2021-10-05 17:59:02 [백엔드 맛보기] info : GET /chat 304 "채팅 화면으로 이동"
2021-10-05 17:59:02 [백엔드 맛보기] info : GET /chat 304 "채팅 화면으로 이동"
2021-10-05 17:59:02 [백엔드 맛보기] info : GET /chats 304 "채팅목록 화면으로 이동"
2021-10-05 17:59:02 [백엔드 맛보기] info : GET /chat 304 "채팅 화면으로 이동"
2021-10-05 17:59:02 [백엔드 맛보기] info : GET /chats 304 "채팅목록 화면으로 이동"
2021-10-05 17:59:02 [백엔드 맛보기] info : GET /chat 304 "채팅 화면으로 이동"
2021-10-05 18:00:02 [백엔드 맛보기] info : GET /chat 304 "채팅 화면으로 이동"
2021-10-05 18:00:02 [백엔드 맛보기] info : GET /chat 304 "채팅 화면으로 이동"
2021-10-05 18:01:02 [백엔드 맛보기] info : GET /chat 304 "채팅 화면으로 이동"
2021-10-05 18:03:02 [백엔드 맛보기] info : GET /chat 304 "채팅 화면으로 이동"
2021-10-05 18:03:02 [백엔드 맛보기] info : GET /chat 304 "채팅 화면으로 이동"
2021-10-05 18:03:02 [백엔드 맛보기] info : GET /chats 304 "채팅목록 화면으로 이동"
2021-10-05 18:03:02 [백엔드 맛보기] info : GET /chat 304 "채팅 화면으로 이동"
2021-10-05 18:04:02 [백엔드 맛보기] info : GET /chats 304 "채팅목록 화면으로 이동"
2021-10-05 18:04:02 [백엔드 맛보기] info : GET /chat 304 "채팅 화면으로 이동"
2021-10-05 18:04:02 [백엔드 맛보기] info : GET /chats 304 "채팅목록 화면으로 이동"
2021-10-05 18:04:02 [백엔드 맛보기] info : GET /chat 304 "채팅 화면으로 이동"
2021-10-05 18:04:02 [백엔드 맛보기] info : GET /chats 304 "채팅목록 화면으로 이동"
2021-10-05 18:04:02 [백엔드 맛보기] info : GET /chat 304 "채팅 화면으로 이동"
2021-10-05 18:06:02 [백엔드 맛보기] info : GET /chat 304 "채팅 화면으로 이동"
2021-10-05 18:06:02 [백엔드 맛보기] info : GET /chat 304 "채팅 화면으로 이동"
2021-10-05 18:07:02 [백엔드 맛보기] info : GET /chat 304 "채팅 화면으로 이동"
2021-10-05 18:33:02 [백엔드 맛보기] info : GET /chat 304 "채팅 화면으로 이동"
2021-10-05 18:37:02 [백엔드 맛보기] info : GET /chat 304 "채팅 화면으로 이동"
2021-10-05 18:38:02 [백엔드 맛보기] info : GET /chat 304 "채팅 화면으로 이동"
2021-10-05 18:38:02 [백엔드 맛보기] info : GET /chat 304 "채팅 화면으로 이동"
2021-10-05 18:39:02 [백엔드 맛보기] info : GET /chat 304 "채팅 화면으로 이동"
2021-10-05 18:40:02 [백엔드 맛보기] info : GET /chat 304 "채팅 화면으로 이동"
2021-10-05 18:40:02 [백엔드 맛보기] info : GET /chat 304 "채팅 화면으로 이동"
2021-10-05 18:41:02 [백엔드 맛보기] info : GET /chat 304 "채팅 화면으로 이동"
2021-10-05 18:41:02 [백엔드 맛보기] info : GET /chat 304 "채팅 화면으로 이동"
2021-10-05 18:41:02 [백엔드 맛보기] info : GET /chat 304 "채팅 화면으로 이동"
2021-10-05 18:42:02 [백엔드 맛보기] info : GET /chat 304 "채팅 화면으로 이동"
2021-10-05 18:43:02 [백엔드 맛보기] info : GET /chat 304 "채팅 화면으로 이동"
2021-10-05 18:44:02 [백엔드 맛보기] info : GET /chat 304 "채팅 화면으로 이동"
2021-10-05 18:44:02 [백엔드 맛보기] info : GET /chat 304 "채팅 화면으로 이동"
2021-10-05 18:44:02 [백엔드 맛보기] info : GET /chats 304 "채팅목록 화면으로 이동"
2021-10-05 18:44:02 [백엔드 맛보기] info : GET /chat 304 "채팅 화면으로 이동"
2021-10-05 18:45:02 [백엔드 맛보기] info : GET /chat 304 "채팅 화면으로 이동"
2021-10-05 18:45:02 [백엔드 맛보기] info : GET /chat 304 "채팅 화면으로 이동"
2021-10-05 18:48:02 [백엔드 맛보기] info : GET /chat 304 "채팅 화면으로 이동"
2021-10-05 18:49:02 [백엔드 맛보기] info : GET /chat 304 "채팅 화면으로 이동"
2021-10-05 18:50:02 [백엔드 맛보기] info : GET /chat 304 "채팅 화면으로 이동"
2021-10-05 18:50:02 [백엔드 맛보기] info : GET /chat 304 "채팅 화면으로 이동"
2021-10-05 18:50:02 [백엔드 맛보기] info : GET /chats 304 "채팅목록 화면으로 이동"
2021-10-05 18:50:02 [백엔드 맛보기] info : GET /chat 304 "채팅 화면으로 이동"
2021-10-05 18:51:02 [백엔드 맛보기] info : GET /chat 304 "채팅 화면으로 이동"
2021-10-05 18:51:02 [백엔드 맛보기] info : GET /chat 304 "채팅 화면으로 이동"
2021-10-05 18:52:02 [백엔드 맛보기] info : GET /chat 304 "채팅 화면으로 이동"
2021-10-05 18:52:02 [백엔드 맛보기] info : GET /chat 304 "채팅 화면으로 이동"
2021-10-05 18:53:02 [백엔드 맛보기] info : GET /chat 304 "채팅 화면으로 이동"
2021-10-05 18:53:02 [백엔드 맛보기] info : GET /chat 304 "채팅 화면으로 이동"
2021-10-05 18:53:02 [백엔드 맛보기] info : GET /chat 304 "채팅 화면으로 이동"
2021-10-05 18:56:02 [백엔드 맛보기] info : GET /chat 304 "채팅 화면으로 이동"
2021-10-05 18:59:02 [백엔드 맛보기] info : GET /chat 304 "채팅 화면으로 이동"
2021-10-05 18:59:02 [백엔드 맛보기] info : GET /chat 304 "채팅 화면으로 이동"
2021-10-05 18:59:02 [백엔드 맛보기] info : GET /chat 304 "채팅 화면으로 이동"
2021-10-05 18:59:02 [백엔드 맛보기] info : GET /chat 304 "채팅 화면으로 이동"
2021-10-05 18:59:02 [백엔드 맛보기] info : GET /chat 304 "채팅 화면으로 이동"
2021-10-05 18:59:02 [백엔드 맛보기] info : GET /chat 304 "채팅 화면으로 이동"
2021-10-05 18:59:02 [백엔드 맛보기] info : GET /chat 304 "채팅 화면으로 이동"
2021-10-05 18:59:02 [백엔드 맛보기] info : GET /chat 304 "채팅 화면으로 이동"
2021-10-05 18:59:02 [백엔드 맛보기] info : GET /chat 304 "채팅 화면으로 이동"
2021-10-05 18:59:02 [백엔드 맛보기] info : GET /chat 304 "채팅 화면으로 이동"
2021-10-05 18:59:02 [백엔드 맛보기] info : GET /chat 304 "채팅 화면으로 이동"
2021-10-05 18:59:02 [백엔드 맛보기] info : GET /chat 304 "채팅 화면으로 이동"
2021-10-05 18:59:02 [백엔드 맛보기] info : GET /chat 304 "채팅 화면으로 이동"
2021-10-05 19:01:02 [백엔드 맛보기] info : GET /chat 304 "채팅 화면으로 이동"
2021-10-05 19:01:02 [백엔드 맛보기] info : GET /chat 304 "채팅 화면으로 이동"
2021-10-05 19:01:02 [백엔드 맛보기] info : GET /chat 304 "채팅 화면으로 이동"
2021-10-05 19:01:02 [백엔드 맛보기] info : GET /chat 304 "채팅 화면으로 이동"
2021-10-05 19:01:02 [백엔드 맛보기] info : GET /chat 304 "채팅 화면으로 이동"
2021-10-05 19:01:02 [백엔드 맛보기] info : GET /chat 304 "채팅 화면으로 이동"
2021-10-05 19:06:02 [백엔드 맛보기] info : GET /chat 304 "채팅 화면으로 이동"
2021-10-05 19:07:02 [백엔드 맛보기] info : GET /chat 304 "채팅 화면으로 이동"
2021-10-05 19:07:02 [백엔드 맛보기] info : GET / 304 "홈 화면으로 이동"
2021-10-05 19:07:02 [백엔드 맛보기] info : GET /chats 304 "채팅목록 화면으로 이동"
2021-10-05 19:07:02 [백엔드 맛보기] info : GET /chat 304 "채팅 화면으로 이동"
2021-10-05 19:09:02 [백엔드 맛보기] info : GET /chats 304 "채팅목록 화면으로 이동"
2021-10-05 19:09:02 [백엔드 맛보기] info : GET /chat 304 "채팅 화면으로 이동"
2021-10-05 19:09:02 [백엔드 맛보기] info : GET /chats 304 "채팅목록 화면으로 이동"
2021-10-05 19:09:02 [백엔드 맛보기] info : GET / 304 "홈 화면으로 이동"
2021-10-05 19:09:02 [백엔드 맛보기] info : GET /chats 304 "채팅목록 화면으로 이동"
2021-10-05 19:09:02 [백엔드 맛보기] info : GET /chat 304 "채팅 화면으로 이동"
2021-10-05 19:14:02 [백엔드 맛보기] info : GET /chat 304 "채팅 화면으로 이동"
2021-10-05 19:15:02 [백엔드 맛보기] info : GET /chats 304 "채팅목록 화면으로 이동"
2021-10-05 19:15:02 [백엔드 맛보기] info : GET /chat 304 "채팅 화면으로 이동"
2021-10-05 19:16:02 [백엔드 맛보기] info : GET /chat 304 "채팅 화면으로 이동"
2021-10-05 19:16:02 [백엔드 맛보기] info : GET /chat 304 "채팅 화면으로 이동"
2021-10-05 19:16:02 [백엔드 맛보기] info : GET /chat 304 "채팅 화면으로 이동"
2021-10-05 19:16:02 [백엔드 맛보기] info : GET /chat 304 "채팅 화면으로 이동"
2021-10-05 19:16:02 [백엔드 맛보기] info : GET /chat 304 "채팅 화면으로 이동"
2021-10-05 19:16:02 [백엔드 맛보기] info : GET /chat 304 "채팅 화면으로 이동"
2021-10-05 19:16:02 [백엔드 맛보기] info : GET /chat 304 "채팅 화면으로 이동"
2021-10-05 19:16:02 [백엔드 맛보기] info : GET /chat 304 "채팅 화면으로 이동"
2021-10-05 19:16:02 [백엔드 맛보기] info : GET /chat 304 "채팅 화면으로 이동"
2021-10-05 19:16:02 [백엔드 맛보기] info : GET /chat 304 "채팅 화면으로 이동"
2021-10-05 19:16:02 [백엔드 맛보기] info : GET /chat 304 "채팅 화면으로 이동"
2021-10-05 19:16:02 [백엔드 맛보기] info : GET /chat 304 "채팅 화면으로 이동"
2021-10-05 19:16:02 [백엔드 맛보기] info : GET /chat 304 "채팅 화면으로 이동"
2021-10-05 19:16:02 [백엔드 맛보기] info : GET /chat 304 "채팅 화면으로 이동"
2021-10-05 19:17:02 [백엔드 맛보기] info : GET /chat 304 "채팅 화면으로 이동"
2021-10-05 19:17:02 [백엔드 맛보기] info : GET /chat 304 "채팅 화면으로 이동"
2021-10-05 19:17:02 [백엔드 맛보기] info : GET /chat 304 "채팅 화면으로 이동"
2021-10-05 19:17:02 [백엔드 맛보기] info : GET /chat 304 "채팅 화면으로 이동"
2021-10-05 19:18:02 [백엔드 맛보기] info : GET /chat 304 "채팅 화면으로 이동"
2021-10-05 19:19:02 [백엔드 맛보기] info : GET /chat 304 "채팅 화면으로 이동"
2021-10-05 19:20:02 [백엔드 맛보기] info : GET /chat 304 "채팅 화면으로 이동"
2021-10-05 19:20:02 [백엔드 맛보기] info : GET /chat 304 "채팅 화면으로 이동"
2021-10-05 19:20:02 [백엔드 맛보기] info : GET /chat 304 "채팅 화면으로 이동"
2021-10-05 19:20:02 [백엔드 맛보기] info : GET /chat 304 "채팅 화면으로 이동"
2021-10-05 19:22:02 [백엔드 맛보기] info : GET /chat 304 "채팅 화면으로 이동"
2021-10-05 19:24:02 [백엔드 맛보기] info : GET /chat 304 "채팅 화면으로 이동"
2021-10-05 19:27:02 [백엔드 맛보기] info : GET /chat 304 "채팅 화면으로 이동"
2021-10-05 19:27:02 [백엔드 맛보기] info : GET /chat 304 "채팅 화면으로 이동"
2021-10-05 19:28:02 [백엔드 맛보기] info : GET /chat 304 "채팅 화면으로 이동"
2021-10-05 19:29:02 [백엔드 맛보기] info : GET /chat 304 "채팅 화면으로 이동"
2021-10-05 19:30:02 [백엔드 맛보기] info : GET /chat 304 "채팅 화면으로 이동"
2021-10-05 19:31:02 [백엔드 맛보기] info : GET /chat 304 "채팅 화면으로 이동"
2021-10-05 19:31:02 [백엔드 맛보기] info : GET /chat 304 "채팅 화면으로 이동"
2021-10-05 19:34:02 [백엔드 맛보기] info : GET /chat 304 "채팅 화면으로 이동"
2021-10-05 19:34:02 [백엔드 맛보기] info : GET /chat 304 "채팅 화면으로 이동"
2021-10-05 19:37:02 [백엔드 맛보기] info : GET /chat 304 "채팅 화면으로 이동"
2021-10-05 19:38:02 [백엔드 맛보기] info : GET /chat 304 "채팅 화면으로 이동"
2021-10-05 19:40:02 [백엔드 맛보기] info : GET /chat 304 "채팅 화면으로 이동"
2021-10-05 19:40:02 [백엔드 맛보기] info : GET /chat 304 "채팅 화면으로 이동"
2021-10-05 19:41:02 [백엔드 맛보기] info : GET /chat 304 "채팅 화면으로 이동"
2021-10-05 19:42:02 [백엔드 맛보기] info : GET /chat 304 "채팅 화면으로 이동"
2021-10-05 19:42:02 [백엔드 맛보기] info : GET /chat 304 "채팅 화면으로 이동"
2021-10-05 19:43:02 [백엔드 맛보기] info : GET /chat 304 "채팅 화면으로 이동"
2021-10-05 19:43:02 [백엔드 맛보기] info : GET /chat 304 "채팅 화면으로 이동"
2021-10-05 19:44:02 [백엔드 맛보기] info : GET /chat 304 "채팅 화면으로 이동"
2021-10-05 19:44:02 [백엔드 맛보기] info : GET /chat 304 "채팅 화면으로 이동"
2021-10-05 19:44:02 [백엔드 맛보기] info : GET /chat 304 "채팅 화면으로 이동"
2021-10-05 19:45:02 [백엔드 맛보기] info : GET /chat 304 "채팅 화면으로 이동"
2021-10-05 19:45:02 [백엔드 맛보기] info : GET /chat 304 "채팅 화면으로 이동"
2021-10-05 19:46:02 [백엔드 맛보기] info : GET /chat 304 "채팅 화면으로 이동"
2021-10-05 19:46:02 [백엔드 맛보기] info : GET /chat 304 "채팅 화면으로 이동"
2021-10-05 19:46:02 [백엔드 맛보기] info : GET /chat 304 "채팅 화면으로 이동"
2021-10-05 19:46:02 [백엔드 맛보기] info : GET /chat 304 "채팅 화면으로 이동"
2021-10-05 19:46:02 [백엔드 맛보기] info : GET /chats 304 "채팅목록 화면으로 이동"
2021-10-05 19:46:02 [백엔드 맛보기] info : GET /chat 304 "채팅 화면으로 이동"
2021-10-05 19:47:02 [백엔드 맛보기] info : GET /chat 304 "채팅 화면으로 이동"
2021-10-05 19:47:02 [백엔드 맛보기] info : GET /chat 304 "채팅 화면으로 이동"
2021-10-05 19:48:02 [백엔드 맛보기] info : GET /chat 304 "채팅 화면으로 이동"
2021-10-05 19:48:02 [백엔드 맛보기] info : GET /chat 304 "채팅 화면으로 이동"
2021-10-05 19:48:02 [백엔드 맛보기] info : GET /chat 304 "채팅 화면으로 이동"
2021-10-05 19:49:02 [백엔드 맛보기] info : GET /chat 304 "채팅 화면으로 이동"
2021-10-05 19:49:02 [백엔드 맛보기] info : GET /chat 304 "채팅 화면으로 이동"
2021-10-05 19:50:02 [백엔드 맛보기] info : GET /chat 304 "채팅 화면으로 이동"
2021-10-05 19:58:02 [백엔드 맛보기] info : GET / 304 "홈 화면으로 이동"
2021-10-05 19:58:02 [백엔드 맛보기] info : GET /chats 304 "채팅목록 화면으로 이동"
2021-10-05 19:58:02 [백엔드 맛보기] info : GET /chat 304 "채팅 화면으로 이동"
2021-10-05 19:59:02 [백엔드 맛보기] info : GET /chat 304 "채팅 화면으로 이동"
